[0421/124410.221:ERROR:process_info.cc(617)] range at 0x0, size 0x28 fully unreadable
[0421/124410.225:ERROR:process_info.cc(617)] range at 0x0, size 0x28 fully unreadable
[0421/124410.243:WARNING:minidump_to_upload_parameters.cc(71)] duplicate annotation name osarch, discarding value x86_64
[0421/124410.243:WARNING:minidump_to_upload_parameters.cc(71)] duplicate annotation name pid, discarding value 9168
[0421/124410.243:WARNING:minidump_to_upload_parameters.cc(71)] duplicate annotation name ptype, discarding value utility
[0421/172336.733:ERROR:process_info.cc(617)] range at 0x0, size 0x28 fully unreadable
[0421/172336.736:ERROR:process_info.cc(617)] range at 0x0, size 0x28 fully unreadable
[0421/172336.756:WARNING:minidump_to_upload_parameters.cc(71)] duplicate annotation name osarch, discarding value x86_64
[0421/172336.756:WARNING:minidump_to_upload_parameters.cc(71)] duplicate annotation name pid, discarding value 8196
[0421/172336.756:WARNING:minidump_to_upload_parameters.cc(71)] duplicate annotation name ptype, discarding value utility
[0421/172547.380:ERROR:process_info.cc(617)] range at 0x0, size 0x28 fully unreadable
[0421/172547.383:ERROR:process_info.cc(617)] range at 0x0, size 0x28 fully unreadable
[0421/172547.395:WARNING:minidump_to_upload_parameters.cc(71)] duplicate annotation name osarch, discarding value x86_64
[0421/172547.395:WARNING:minidump_to_upload_parameters.cc(71)] duplicate annotation name pid, discarding value 6940
[0421/172547.395:WARNING:minidump_to_upload_parameters.cc(71)] duplicate annotation name ptype, discarding value utility
[0423/135445.418:ERROR:process_info.cc(617)] range at 0x0, size 0x28 fully unreadable
[0423/135445.422:ERROR:process_info.cc(617)] range at 0x0, size 0x28 fully unreadable
[0423/135445.447:WARNING:minidump_to_upload_parameters.cc(71)] duplicate annotation name osarch, discarding value x86_64
[0423/135445.447:WARNING:minidump_to_upload_parameters.cc(71)] duplicate annotation name pid, discarding value 9180
[0423/135445.447:WARNING:minidump_to_upload_parameters.cc(71)] duplicate annotation name ptype, discarding value utility
[0423/141338.195:ERROR:process_info.cc(617)] range at 0x0, size 0x28 fully unreadable
[0423/141338.199:ERROR:process_info.cc(617)] range at 0x0, size 0x28 fully unreadable
[0423/141338.215:WARNING:minidump_to_upload_parameters.cc(71)] duplicate annotation name osarch, discarding value x86_64
[0423/141338.215:WARNING:minidump_to_upload_parameters.cc(71)] duplicate annotation name pid, discarding value 7376
[0423/141338.215:WARNING:minidump_to_upload_parameters.cc(71)] duplicate annotation name ptype, discarding value utility
[0423/141942.375:ERROR:process_reader_win.cc(155)] SuspendThread: Access is denied. (0x5)
[0423/141942.387:ERROR:process_info.cc(617)] range at 0x0, size 0x28 fully unreadable
[0423/141942.389:ERROR:process_info.cc(617)] range at 0x0, size 0x28 fully unreadable
[0423/141942.400:WARNING:minidump_to_upload_parameters.cc(71)] duplicate annotation name osarch, discarding value x86_64
[0423/141942.400:WARNING:minidump_to_upload_parameters.cc(71)] duplicate annotation name pid, discarding value 5704
[0423/141942.400:WARNING:minidump_to_upload_parameters.cc(71)] duplicate annotation name ptype, discarding value utility
[0423/144417.747:ERROR:process_info.cc(617)] range at 0x0, size 0x28 fully unreadable
[0423/144417.749:ERROR:process_info.cc(617)] range at 0x0, size 0x28 fully unreadable
[0423/144417.762:WARNING:minidump_to_upload_parameters.cc(71)] duplicate annotation name osarch, discarding value x86_64
[0423/144417.764:WARNING:minidump_to_upload_parameters.cc(71)] duplicate annotation name pid, discarding value 9044
[0423/144417.764:WARNING:minidump_to_upload_parameters.cc(71)] duplicate annotation name ptype, discarding value utility
